<?xml version="1.0" encoding="UTF-8"?>
<testsuite name="com.tkmi.test.unit.utils.JsonHelperTest" tests="5" skipped="0" failures="0" errors="0" timestamp="2018-06-09T11:30:06" hostname="EPBYGOMW0435" time="3.155">
  <properties/>
  <testcase name="getNodeTest" classname="com.tkmi.test.unit.utils.JsonHelperTest" time="2.773"/>
  <testcase name="createObjectNodeTest" classname="com.tkmi.test.unit.utils.JsonHelperTest" time="0.017"/>
  <testcase name="putNodeObjectTest" classname="com.tkmi.test.unit.utils.JsonHelperTest" time="0.099"/>
  <testcase name="parseStringTest" classname="com.tkmi.test.unit.utils.JsonHelperTest" time="0.242"/>
  <testcase name="writeAsStringTest" classname="com.tkmi.test.unit.utils.JsonHelperTest" time="0.021"/>
  <system-out><![CDATA[]]></system-out>
  <system-err><![CDATA[]]></system-err>
</testsuite>
