<?xml version="1.0" encoding="UTF-8"?>
<testsuite name="com.tkmi.test.unit.controllers.DemoControllerTest" tests="1" skipped="0" failures="1" errors="0" timestamp="2018-06-09T11:29:56" hostname="EPBYGOMW0435" time="8.673">
  <properties/>
  <testcase name="paramGreetingShouldReturnTailoredMessage" classname="com.tkmi.test.unit.controllers.DemoControllerTest" time="8.673">
    <failure message="java.lang.NullPointerException: Cannot invoke method perform() on null object" type="java.lang.NullPointerException">java.lang.NullPointerException: Cannot invoke method perform() on null object
	at com.tkmi.test.unit.MvcService.get(MvcService.groovy:23)
	at com.tkmi.test.unit.controllers.DemoControllerTest.paramGreetingShouldReturnTailoredMessage(DemoControllerTest.groovy:15)
</failure>
    <failure message="java.lang.NullPointerException: Cannot invoke method perform() on null object" type="java.lang.NullPointerException">java.lang.NullPointerException: Cannot invoke method perform() on null object
	at com.tkmi.test.unit.MvcService.get(MvcService.groovy:23)
	at com.tkmi.test.unit.controllers.DemoControllerTest.paramGreetingShouldReturnTailoredMessage(DemoControllerTest.groovy:15)
</failure>
    <failure message="java.lang.NullPointerException: Cannot invoke method perform() on null object" type="java.lang.NullPointerException">java.lang.NullPointerException: Cannot invoke method perform() on null object
	at com.tkmi.test.unit.MvcService.get(MvcService.groovy:23)
	at com.tkmi.test.unit.controllers.DemoControllerTest.paramGreetingShouldReturnTailoredMessage(DemoControllerTest.groovy:15)
</failure>
  </testcase>
  <system-out><![CDATA[]]></system-out>
  <system-err><![CDATA[SLF4J: Failed to load class "org.slf4j.impl.StaticLoggerBinder".
SLF4J: Defaulting to no-operation (NOP) logger implementation
SLF4J: See http://www.slf4j.org/codes.html#StaticLoggerBinder for further details.
]]></system-err>
</testsuite>
