<?xml version="1.0" encoding="UTF-8"?>
<testsuite name="com.tkmi.test.unit.utils.SpockDemoSpec" tests="4" skipped="0" failures="4" errors="0" timestamp="2018-06-09T11:30:09" hostname="EPBYGOMW0435" time="0.048">
  <properties/>
  <testcase name="getDuplicatedKeysTest" classname="com.tkmi.test.unit.utils.SpockDemoSpec" time="0.01">
    <failure message="java.lang.NullPointerException: Cannot invoke method getDuplicatedKeys() on null object" type="java.lang.NullPointerException">java.lang.NullPointerException: Cannot invoke method getDuplicatedKeys() on null object
	at com.tkmi.test.unit.utils.SpockDemoSpec.getDuplicatedKeysTest(SpockDemoSpec.groovy:37)
</failure>
  </testcase>
  <testcase name="getValueByKeyTest[0]" classname="com.tkmi.test.unit.utils.SpockDemoSpec" time="0.001">
    <failure message="java.lang.NullPointerException: Cannot invoke method getValueByKeyJson() on null object" type="java.lang.NullPointerException">java.lang.NullPointerException: Cannot invoke method getValueByKeyJson() on null object
	at com.tkmi.test.unit.utils.SpockDemoSpec.getValueByKeyTest(SpockDemoSpec.groovy:67)
</failure>
  </testcase>
  <testcase name="getValueByKeyTest[1]" classname="com.tkmi.test.unit.utils.SpockDemoSpec" time="0.001">
    <failure message="java.lang.NullPointerException: Cannot invoke method getValueByKeyJson() on null object" type="java.lang.NullPointerException">java.lang.NullPointerException: Cannot invoke method getValueByKeyJson() on null object
	at com.tkmi.test.unit.utils.SpockDemoSpec.getValueByKeyTest(SpockDemoSpec.groovy:67)
</failure>
  </testcase>
  <testcase name="getValueByKeyTest[2]" classname="com.tkmi.test.unit.utils.SpockDemoSpec" time="0.001">
    <failure message="java.lang.NullPointerException: Cannot invoke method getValueByKeyJson() on null object" type="java.lang.NullPointerException">java.lang.NullPointerException: Cannot invoke method getValueByKeyJson() on null object
	at com.tkmi.test.unit.utils.SpockDemoSpec.getValueByKeyTest(SpockDemoSpec.groovy:67)
</failure>
  </testcase>
  <system-out><![CDATA[]]></system-out>
  <system-err><![CDATA[]]></system-err>
</testsuite>
